<?xml version="1.0" encoding="UTF-8"?>
<!-- Generated by org.testng.reporters.JUnitReportReporter -->
<testsuite hostname="LAPTOP-LIAKTO4M" failures="0" tests="3" name="com.mindtree.runner.HealthCareApplication" time="47.015" errors="0" timestamp="6 Nov 2021 04:55:57 GMT">
  <testcase classname="com.mindtree.runner.HealthCareApplication" name="validateTitle" time="5.707"/>
  <testcase classname="com.mindtree.runner.HealthCareApplication" name="contactUs" time="11.614"/>
  <testcase classname="com.mindtree.runner.HealthCareApplication" name="bookingAppointment" time="29.694"/>
</testsuite> <!-- com.mindtree.runner.HealthCareApplication -->
