<?xml version="1.0" encoding="UTF-8"?>
<!-- Generated by org.testng.reporters.JUnitReportReporter -->
<testsuite hostname="LAPTOP-LIAKTO4M" failures="0" tests="3" name="com.mindtree.runner.HealthCareApplication" time="52.783" errors="0" timestamp="6 Nov 2021 05:10:42 GMT">
  <testcase classname="com.mindtree.runner.HealthCareApplication" name="bookingAppointment" time="28.437"/>
  <testcase classname="com.mindtree.runner.HealthCareApplication" name="validateTitle" time="14.115"/>
  <testcase classname="com.mindtree.runner.HealthCareApplication" name="contactUs" time="10.231"/>
</testsuite> <!-- com.mindtree.runner.HealthCareApplication -->
